<?xml version="1.0" encoding="UTF-8"?>
<!-- Generated by org.testng.reporters.JUnitReportReporter -->
<testsuite skipped="0" hostname="DESKTOP-SGH30GM" name="com.Test.qa.parameterannotationtest" tests="1" failures="0" timestamp="19 Feb 2018 17:23:56 GMT" time="14.865" errors="0">
  <testcase name="parameterTest" time="14.865" classname="com.Test.qa.parameterannotationtest"/>
</testsuite> <!-- com.Test.qa.parameterannotationtest -->
