<?xml version="1.0" encoding="UTF-8"?>
<!-- Generated by org.testng.reporters.JUnitReportReporter -->
<testsuite skipped="0" hostname="DESKTOP-SGH30GM" name="com.Test.qa.basicsetup" tests="1" failures="0" timestamp="19 Feb 2018 17:19:48 GMT" time="7.640" errors="0">
  <testcase name="getTitle" time="7.640" classname="com.Test.qa.basicsetup"/>
</testsuite> <!-- com.Test.qa.basicsetup -->
