<?xml version="1.0" encoding="UTF-8"?>
<!-- Generated by org.testng.reporters.JUnitReportReporter -->
<testsuite skipped="0" hostname="DESKTOP-SGH30GM" name="com.Test.qa.dataprovidertest" tests="4" failures="0" timestamp="20 Feb 2018 05:14:25 GMT" time="43.085" errors="0">
  <testcase name="Regform" time="11.286" classname="com.Test.qa.dataprovidertest"/>
  <testcase name="Regform" time="9.731" classname="com.Test.qa.dataprovidertest"/>
  <testcase name="Regform" time="11.565" classname="com.Test.qa.dataprovidertest"/>
  <testcase name="Regform" time="10.503" classname="com.Test.qa.dataprovidertest"/>
</testsuite> <!-- com.Test.qa.dataprovidertest -->
