<?xml version="1.0" encoding="UTF-8"?>
<!-- Generated by org.testng.reporters.JUnitReportReporter -->
<testsuite skipped="0" hostname="DESKTOP-SGH30GM" name="com.Test.qa.tstng" tests="1" failures="0" timestamp="17 Feb 2018 04:38:20 GMT" time="0.003" errors="0">
  <testcase name="example" time="0.003" classname="com.Test.qa.tstng"/>
</testsuite> <!-- com.Test.qa.tstng -->
