<?xml version="1.0" encoding="UTF-8"?>
<!-- Generated by org.testng.reporters.JUnitReportReporter -->
<testsuite skipped="0" hostname="DESKTOP-SGH30GM" name="com.Test.qa.annotationstest" tests="1" failures="0" timestamp="17 Feb 2018 04:41:27 GMT" time="0.005" errors="0">
  <testcase name="Test" time="0.005" classname="com.Test.qa.annotationstest"/>
</testsuite> <!-- com.Test.qa.annotationstest -->
